f:\doc\逆向工程\testprogram\solution9\lordpe\debug\vc120.pdb
f:\doc\逆向工程\testprogram\solution9\lordpe\debug\vc120.idb
f:\doc\逆向工程\testprogram\solution9\lordpe\debug\pe.obj
f:\doc\逆向工程\testprogram\solution9\lordpe\debug\common.obj
f:\doc\逆向工程\testprogram\solution9\lordpe\debug\lordpe.obj
f:\doc\逆向工程\testprogram\solution9\lordpe\debug\uidirectorydialog.obj
f:\doc\逆向工程\testprogram\solution9\lordpe\debug\uiinfodialog.obj
f:\doc\逆向工程\testprogram\solution9\lordpe\debug\uiinjectdialog.obj
f:\doc\逆向工程\testprogram\solution9\lordpe\debug\uimaindialog.obj
f:\doc\逆向工程\testprogram\solution9\lordpe\debug\uipedialog.obj
f:\doc\逆向工程\testprogram\solution9\lordpe\debug\uisectiondialog.obj
f:\doc\逆向工程\testprogram\solution9\lordpe\debug\uishelldialog.obj
f:\doc\逆向工程\testprogram\solution9\debug\lordpe.ilk
f:\doc\逆向工程\testprogram\solution9\debug\lordpe.exe
f:\doc\逆向工程\testprogram\solution9\debug\lordpe.pdb
f:\doc\逆向工程\testprogram\solution9\lordpe\debug\lordpe.res
f:\doc\逆向工程\testprogram\solution9\lordpe\debug\lordpe.tlog\cl.command.1.tlog
f:\doc\逆向工程\testprogram\solution9\lordpe\debug\lordpe.tlog\cl.read.1.tlog
f:\doc\逆向工程\testprogram\solution9\lordpe\debug\lordpe.tlog\cl.write.1.tlog
f:\doc\逆向工程\testprogram\solution9\lordpe\debug\lordpe.tlog\link.command.1.tlog
f:\doc\逆向工程\testprogram\solution9\lordpe\debug\lordpe.tlog\link.read.1.tlog
f:\doc\逆向工程\testprogram\solution9\lordpe\debug\lordpe.tlog\link.write.1.tlog
f:\doc\逆向工程\testprogram\solution9\lordpe\debug\lordpe.tlog\rc.command.1.tlog
f:\doc\逆向工程\testprogram\solution9\lordpe\debug\lordpe.tlog\rc.read.1.tlog
f:\doc\逆向工程\testprogram\solution9\lordpe\debug\lordpe.tlog\rc.write.1.tlog
